2020/05/25 16:00:06 Servicio iniciado
2020/05/25 16:02:03 Servicio iniciado
2020/05/25 16:02:32 ERROR: &{%!g(string=invalid character 'N' looking for beginning of value) %!g(int64=1)}
2020/05/25 16:02:54 ERROR: &{%!g(string=crypto/rsa: decryption error)}
2020/05/25 16:02:56 ERROR: &{%!g(string=crypto/rsa: decryption error)}
2020/05/25 16:03:00 ERROR: &{%!g(string=crypto/rsa: decryption error)}
2020/05/25 16:08:22 Servicio iniciado
2020/05/25 16:10:14 Servicio iniciado
2020/05/25 16:10:27 Servicio iniciado
2020/05/25 16:12:10 Servicio iniciado
2020/05/25 16:14:07 Servicio iniciado
2020/05/25 16:49:09 Servicio iniciado
2020/05/25 16:50:09 Servicio iniciado
2020/05/25 16:54:33 Servicio iniciado
2020/05/25 16:54:41 ERROR: &{%!g(string=Post) %!g(string=https://localhost:5001/user/doctor/historial/solicitar) %!g(*errors.errorString=&{EOF})}
2020/05/25 16:55:52 Servicio iniciado
2020/05/25 16:56:35 Servicio iniciado
2020/05/25 16:59:04 ERROR: &{%!g(string=crypto/rsa: decryption error)}
2020/05/25 16:59:23 ERROR: &{%!g(string=invalid character 'N' looking for beginning of value) %!g(int64=1)}
2020/05/25 16:59:32 ERROR: &{%!g(string=invalid character 'N' looking for beginning of value) %!g(int64=1)}
2020/05/25 17:06:59 ERROR: &{%!g(string=invalid character 'N' looking for beginning of value) %!g(int64=1)}
2020/05/25 17:07:23 ERROR: &{%!g(string=invalid character 'N' looking for beginning of value) %!g(int64=1)}
2020/05/25 17:16:44 Servicio iniciado
2020/05/25 17:21:11 Servicio iniciado
2020/05/25 17:25:42 Servicio iniciado
2020/05/25 17:26:14 Servicio iniciado
2020/05/25 17:26:38 Servicio iniciado
2020/05/25 17:27:05 Servicio iniciado
2020/05/25 17:27:25 Servicio iniciado
2020/05/25 17:27:27 ERROR: &{%!g(string=crypto/rsa: decryption error)}
2020/05/25 17:27:47 Servicio iniciado
2020/05/25 17:27:49 ERROR: &{%!g(string=crypto/rsa: decryption error)}
2020/05/25 17:27:50 ERROR: &{%!g(string=crypto/rsa: decryption error)}
2020/05/25 17:28:06 Servicio iniciado
2020/05/25 17:29:11 Servicio iniciado
2020/05/25 17:29:15 ERROR: &{%!g(string=crypto/rsa: decryption error)}
2020/05/25 17:29:31 Servicio iniciado
2020/05/25 17:29:34 ERROR: &{%!g(string=crypto/rsa: decryption error)}
2020/05/25 17:30:07 Servicio iniciado
2020/05/25 17:30:10 ERROR: &{%!g(string=crypto/rsa: decryption error)}
2020/05/25 17:30:41 Servicio iniciado
2020/05/25 17:30:44 ERROR: &{%!g(string=crypto/rsa: decryption error)}
2020/05/25 17:31:09 Servicio iniciado
2020/05/25 17:31:39 Servicio iniciado
2020/05/25 17:37:34 Servicio iniciado
2020/05/25 17:38:56 Servicio iniciado
2020/05/25 17:40:10 Servicio iniciado
2020/05/25 17:45:28 ERROR: &{%!g(string=crypto/rsa: decryption error)}
2020/05/25 17:46:32 ERROR: &{%!g(string=crypto/rsa: decryption error)}
2020/05/25 21:25:42 Servicio iniciado
2020/05/25 21:28:34 Servicio iniciado
2020/05/25 21:29:28 Servicio iniciado
2020/05/25 21:30:00 Servicio iniciado
2020/05/25 21:33:50 Servicio iniciado
2020/05/25 21:34:23 Servicio iniciado
2020/05/25 21:35:38 Servicio iniciado
2020/05/26 11:06:33 Servicio iniciado
2020/05/26 11:12:25 ERROR: &{%!g(string=crypto/rsa: decryption error)}
2020/05/26 11:13:02 ERROR: &{%!g(string=crypto/rsa: decryption error)}
2020/05/26 11:17:38 Servicio iniciado
2020/05/26 11:18:21 Servicio iniciado
2020/05/26 11:18:46 Servicio iniciado
2020/05/26 11:21:58 Servicio iniciado
2020/05/26 11:25:30 Servicio iniciado
2020/05/26 12:00:49 Servicio iniciado
2020/05/26 12:03:18 Servicio iniciado
2020/05/26 12:07:48 ERROR: &{%!g(string=crypto/rsa: decryption error)}
2020/05/26 12:08:24 ERROR: &{%!g(string=crypto/rsa: decryption error)}
2020/05/26 12:10:23 ERROR: &{%!g(string=crypto/rsa: decryption error)}
2020/05/26 12:24:03 ERROR: &{%!g(string=crypto/rsa: decryption error)}
2020/05/26 12:25:35 ERROR: &{%!g(string=crypto/rsa: decryption error)}
2020/05/26 12:25:38 ERROR: &{%!g(string=crypto/rsa: decryption error)}
2020/05/26 12:28:32 Servicio iniciado
2020/05/26 12:28:44 ERROR: &{%!g(string=crypto/rsa: decryption error)}
2020/05/26 12:28:44 ERROR: &{%!g(string=crypto/rsa: decryption error)}
2020/05/26 12:29:30 ERROR: &{%!g(string=crypto/rsa: decryption error)}
2020/05/26 12:30:18 ERROR: &{%!g(string=crypto/rsa: decryption error)}
2020/05/26 12:30:21 ERROR: &{%!g(string=crypto/rsa: decryption error)}
2020/05/26 12:30:26 ERROR: &{%!g(string=crypto/rsa: decryption error)}
2020/05/26 12:30:48 ERROR: &{%!g(string=crypto/rsa: decryption error)}
2020/05/26 12:31:24 Servicio iniciado
2020/05/26 12:31:31 ERROR: &{%!g(string=crypto/rsa: decryption error)}
2020/05/26 12:31:54 Servicio iniciado
2020/05/26 12:32:02 ERROR: &{%!g(string=crypto/rsa: decryption error)}
2020/05/26 12:47:41 Servicio iniciado
2020/05/26 12:47:44 ERROR: &{%!g(string=object) %!g(*reflect.rtype=&{24 8 1139854951 2 8 8 23 <nil> 0x93908c 124066 153472}) %!g(int64=1) %!g(string=) %!g(string=)}
